<?xml version="1.0" encoding="UTF-8"?>
<!-- Generated by org.testng.reporters.JUnitReportReporter -->
<testsuite hostname="Adminpc" name="interview.NumberListHelperTest" tests="3" failures="0" timestamp="30 Sep 2016 12:19:43 GMT" time="0.047" errors="0">
  <testcase name="sumTest4numbers" time="0.015" classname="interview.NumberListHelperTest"/>
  <testcase name="sumTest4numbers" time="0.000" classname="interview.NumberListHelperTest"/>
  <testcase name="sumTest4numbers" time="0.032" classname="interview.NumberListHelperTest"/>
</testsuite> <!-- interview.NumberListHelperTest -->
