<?xml version="1.0" encoding="UTF-8"?>
<!-- Generated by org.testng.reporters.JUnitReportReporter -->
<testsuite hostname="Adminpc" name="interview.numberListHelperTest" tests="17" failures="0" timestamp="28 Sep 2016 16:55:30 GMT" time="0.095" errors="0">
  <testcase name="sumTest4numbers" time="0.000" classname="interview.numberListHelperTest"/>
  <testcase name="maxTest4numbers" time="0.000" classname="interview.numberListHelperTest"/>
  <testcase name="maxTest4numbers" time="0.000" classname="interview.numberListHelperTest"/>
  <testcase name="maxTest4numbers" time="0.016" classname="interview.numberListHelperTest"/>
  <testcase name="sumTest3numbers" time="0.015" classname="interview.numberListHelperTest"/>
  <testcase name="maxTest3numbers" time="0.000" classname="interview.numberListHelperTest"/>
  <testcase name="maxTest3numbers" time="0.016" classname="interview.numberListHelperTest"/>
  <testcase name="sumTest4numbers" time="0.000" classname="interview.numberListHelperTest"/>
  <testcase name="maxTest4numbers" time="0.000" classname="interview.numberListHelperTest"/>
  <testcase name="maxTest3numbers" time="0.000" classname="interview.numberListHelperTest"/>
  <testcase name="sumTest4numbers" time="0.000" classname="interview.numberListHelperTest"/>
  <testcase name="maxTest3numbers" time="0.000" classname="interview.numberListHelperTest"/>
  <testcase name="maxTest4numbers" time="0.016" classname="interview.numberListHelperTest"/>
  <testcase name="maxTest4numbers" time="0.016" classname="interview.numberListHelperTest"/>
  <testcase name="maxTest3numbers" time="0.000" classname="interview.numberListHelperTest"/>
  <testcase name="sumTest3numbers" time="0.016" classname="interview.numberListHelperTest"/>
  <testcase name="sumTest3numbers" time="0.000" classname="interview.numberListHelperTest"/>
</testsuite> <!-- interview.numberListHelperTest -->
