<?xml version="1.0" encoding="UTF-8"?>
<!-- Generated by org.testng.reporters.JUnitReportReporter -->
<testsuite hostname="Adminpc" name="interview.NumberListHelperTest" tests="17" failures="0" timestamp="30 Sep 2016 12:20:02 GMT" time="0.015" errors="0">
  <testcase name="maxTest4numbers" time="0.000" classname="interview.NumberListHelperTest"/>
  <testcase name="sumTest4numbers" time="0.000" classname="interview.NumberListHelperTest"/>
  <testcase name="sumTest3numbers" time="0.000" classname="interview.NumberListHelperTest"/>
  <testcase name="maxTest4numbers" time="0.000" classname="interview.NumberListHelperTest"/>
  <testcase name="sumTest3numbers" time="0.000" classname="interview.NumberListHelperTest"/>
  <testcase name="sumTest4numbers" time="0.000" classname="interview.NumberListHelperTest"/>
  <testcase name="maxTest3numbers" time="0.000" classname="interview.NumberListHelperTest"/>
  <testcase name="maxTest4numbers" time="0.000" classname="interview.NumberListHelperTest"/>
  <testcase name="sumTest3numbers" time="0.000" classname="interview.NumberListHelperTest"/>
  <testcase name="maxTest3numbers" time="0.000" classname="interview.NumberListHelperTest"/>
  <testcase name="maxTest4numbers" time="0.000" classname="interview.NumberListHelperTest"/>
  <testcase name="maxTest4numbers" time="0.000" classname="interview.NumberListHelperTest"/>
  <testcase name="maxTest3numbers" time="0.015" classname="interview.NumberListHelperTest"/>
  <testcase name="sumTest4numbers" time="0.000" classname="interview.NumberListHelperTest"/>
  <testcase name="maxTest3numbers" time="0.000" classname="interview.NumberListHelperTest"/>
  <testcase name="maxTest3numbers" time="0.000" classname="interview.NumberListHelperTest"/>
  <testcase name="maxTest4numbers" time="0.000" classname="interview.NumberListHelperTest"/>
</testsuite> <!-- interview.NumberListHelperTest -->
